#
# There is insufficient memory for the Java Runtime Environment to continue.
# Native memory allocation (malloc) failed to allocate 3340672 bytes. Error detail: Chunk::new
# Possible reasons:
#   The system is out of physical RAM or swap space
#   This process is running with CompressedOops enabled, and the Java Heap may be blocking the growth of the native heap
# Possible solutions:
#   Reduce memory load on the system
#   Increase physical memory or swap space
#   Check if swap backing store is full
#   Decrease Java heap size (-Xmx/-Xms)
#   Decrease number of Java threads
#   Decrease Java thread stack sizes (-Xss)
#   Set larger code cache with -XX:ReservedCodeCacheSize=
#   JVM is running with Unscaled Compressed Oops mode in which the Java heap is
#     placed in the first 4GB address space. The Java Heap base address is the
#     maximum limit for the native heap growth. Please use -XX:HeapBaseMinAddress
#     to set the Java Heap base and to place the Java Heap above 4GB virtual address.
# This output file may be truncated or incomplete.
#
#  Out of Memory Error (arena.cpp:168), pid=26180, tid=2152
#
# JRE version: OpenJDK Runtime Environment Temurin-21.0.9+10 (21.0.9+10) (build 21.0.9+10-LTS)
# Java VM: OpenJDK 64-Bit Server VM Temurin-21.0.9+10 (21.0.9+10-LTS, mixed mode, sharing, tiered, compressed oops, compressed class ptrs, parallel gc, windows-amd64)
# No core dump will be written. Minidumps are not enabled by default on client versions of Windows
#

---------------  S U M M A R Y ------------

Command Line: --add-modules=ALL-SYSTEM --add-opens=java.base/java.util=ALL-UNNAMED --add-opens=java.base/java.lang=ALL-UNNAMED --add-opens=java.base/sun.nio.fs=ALL-UNNAMED -Declipse.application=org.eclipse.jdt.ls.core.id1 -Dosgi.bundles.defaultStartLevel=4 -Declipse.product=org.eclipse.jdt.ls.core.product -Djava.import.generatesMetadataFilesAtProjectRoot=false -DDetectVMInstallationsJob.disabled=true -Dfile.encoding=utf8 -XX:+UseParallelGC -XX:GCTimeRatio=4 -XX:AdaptiveSizePolicyWeight=90 -Dsun.zip.disableMemoryMapping=true -Xmx2G -Xms100m -Xlog:disable -javaagent:c:\Users\sebas\.vscode\extensions\redhat.java-1.50.0-win32-x64\lombok\lombok-1.18.39-4050.jar -XX:+HeapDumpOnOutOfMemoryError -XX:HeapDumpPath=c:\Users\sebas\AppData\Roaming\Code\User\workspaceStorage\e2a617684917e0b4558fa1c044b95376\redhat.java -Daether.dependencyCollector.impl=bf c:\Users\sebas\.vscode\extensions\redhat.java-1.50.0-win32-x64\server\plugins\org.eclipse.equinox.launcher_1.7.100.v20251111-0406.jar -configuration c:\Users\sebas\AppData\Roaming\Code\User\globalStorage\redhat.java\1.50.0\config_win -data c:\Users\sebas\AppData\Roaming\Code\User\workspaceStorage\e2a617684917e0b4558fa1c044b95376\redhat.java\jdt_ws --pipe=\\.\pipe\lsp-5b8a9e2bd5d390fc70643c328117202e-sock

Host: AMD Ryzen 7 7435HS                             , 16 cores, 11G,  Windows 11 , 64 bit Build 26100 (10.0.26100.7019)
Time: Wed Dec  3 07:05:03 2025 Hora est. Pacífico, Sudamérica elapsed time: 15.634932 seconds (0d 0h 0m 15s)

---------------  T H R E A D  ---------------

Current thread (0x000001f67e0c4f40):  JavaThread "C2 CompilerThread1" daemon [_thread_in_native, id=2152, stack(0x0000002998100000,0x0000002998200000) (1024K)]


Current CompileTask:
C2:15635 9219       4       lombok.eclipse.EclipseAST::drill (80 bytes)

Stack: [0x0000002998100000,0x0000002998200000]
Native frames: (J=compiled Java code, j=interpreted, Vv=VM code, C=native code)
V  [jvm.dll+0x6d6e29]
V  [jvm.dll+0x8b4b76]
V  [jvm.dll+0x8b712e]
V  [jvm.dll+0x8b7813]
V  [jvm.dll+0x283d86]
V  [jvm.dll+0xc66ed]
V  [jvm.dll+0xc6c31]
V  [jvm.dll+0x3be53b]
V  [jvm.dll+0x1e3d59]
V  [jvm.dll+0x24c0f3]
V  [jvm.dll+0x24b580]
V  [jvm.dll+0x1cb13e]
V  [jvm.dll+0x25b29d]
V  [jvm.dll+0x25982a]
V  [jvm.dll+0x3f7ea6]
V  [jvm.dll+0x85e9ad]
V  [jvm.dll+0x6d565d]
C  [ucrtbase.dll+0x37b0]
C  [KERNEL32.DLL+0x2e8d7]
C  [ntdll.dll+0x8c53c]


---------------  P R O C E S S  ---------------

Threads class SMR info:
_java_thread_list=0x000001f65837c560, length=64, elements={
0x000001f679202690, 0x000001f67ccaadd0, 0x000001f67ccae050, 0x000001f6792a2b40,
0x000001f6792a3790, 0x000001f6792aa4e0, 0x000001f6792add40, 0x000001f67e05cf70,
0x000001f6792b6fd0, 0x000001f67e14ea50, 0x000001f67e14f0f0, 0x000001f67e33fe60,
0x000001f67e36d3a0, 0x000001f6580506b0, 0x000001f6589c5010, 0x000001f658bef2f0,
0x000001f65888db30, 0x000001f6588922f0, 0x000001f658be9ca0, 0x000001f658fda280,
0x000001f65917f210, 0x000001f65917eb80, 0x000001f659226500, 0x000001f65922a010,
0x000001f659229980, 0x000001f6592292f0, 0x000001f67e0c4f40, 0x000001f65922ad30,
0x000001f6592278b0, 0x000001f659227f40, 0x000001f65922b3c0, 0x000001f65922ba50,
0x000001f6592285d0, 0x000001f65922ce00, 0x000001f65922c0e0, 0x000001f65922c770,
0x000001f65922d490, 0x000001f65922db20, 0x000001f65ae9b470, 0x000001f65ae98680,
0x000001f65ae99a30, 0x000001f65ae97ff0, 0x000001f65ae9a750, 0x000001f65ae9c190,
0x000001f65ae9ade0, 0x000001f65ae9a0c0, 0x000001f65ae9bb00, 0x000001f65ae98d10,
0x000001f65ae993a0, 0x000001f65ae9ceb0, 0x000001f65ae9d540, 0x000001f65ae9dbd0,
0x000001f65ae9f610, 0x000001f65ae9c820, 0x000001f65ae9ef80, 0x000001f65ae9e260,
0x000001f65ae9e8f0, 0x000001f65ac210f0, 0x000001f65ac21780, 0x000001f65ac1e300,
0x000001f65ac1e990, 0x000001f65ac203d0, 0x000001f65ac20a60, 0x000001f65ac21e10
}

Java Threads: ( => current thread )
  0x000001f679202690 JavaThread "main"                              [_thread_blocked, id=8828, stack(0x0000002997300000,0x0000002997400000) (1024K)]
  0x000001f67ccaadd0 JavaThread "Reference Handler"          daemon [_thread_blocked, id=15152, stack(0x0000002997700000,0x0000002997800000) (1024K)]
  0x000001f67ccae050 JavaThread "Finalizer"                  daemon [_thread_blocked, id=20008, stack(0x0000002997800000,0x0000002997900000) (1024K)]
  0x000001f6792a2b40 JavaThread "Signal Dispatcher"          daemon [_thread_blocked, id=23484, stack(0x0000002997900000,0x0000002997a00000) (1024K)]
  0x000001f6792a3790 JavaThread "Attach Listener"            daemon [_thread_blocked, id=16480, stack(0x0000002997a00000,0x0000002997b00000) (1024K)]
  0x000001f6792aa4e0 JavaThread "Service Thread"             daemon [_thread_blocked, id=13564, stack(0x0000002997b00000,0x0000002997c00000) (1024K)]
  0x000001f6792add40 JavaThread "Monitor Deflation Thread"   daemon [_thread_blocked, id=22492, stack(0x0000002997c00000,0x0000002997d00000) (1024K)]
  0x000001f67e05cf70 JavaThread "C2 CompilerThread0"         daemon [_thread_in_native, id=26244, stack(0x0000002997d00000,0x0000002997e00000) (1024K)]
  0x000001f6792b6fd0 JavaThread "C1 CompilerThread0"         daemon [_thread_blocked, id=11668, stack(0x0000002997e00000,0x0000002997f00000) (1024K)]
  0x000001f67e14ea50 JavaThread "C1 CompilerThread1"         daemon [_thread_blocked, id=24812, stack(0x0000002997f00000,0x0000002998000000) (1024K)]
  0x000001f67e14f0f0 JavaThread "C1 CompilerThread2"         daemon [_thread_blocked, id=30764, stack(0x0000002998000000,0x0000002998100000) (1024K)]
  0x000001f67e33fe60 JavaThread "Common-Cleaner"             daemon [_thread_blocked, id=30728, stack(0x0000002998200000,0x0000002998300000) (1024K)]
  0x000001f67e36d3a0 JavaThread "C1 CompilerThread3"         daemon [_thread_blocked, id=5740, stack(0x0000002998300000,0x0000002998400000) (1024K)]
  0x000001f6580506b0 JavaThread "Notification Thread"        daemon [_thread_blocked, id=27880, stack(0x0000002998400000,0x0000002998500000) (1024K)]
  0x000001f6589c5010 JavaThread "Active Thread: Equinox Container: 62d4e975-17f3-4554-9903-6b411d0bc629"        [_thread_blocked, id=20000, stack(0x0000002998c00000,0x0000002998d00000) (1024K)]
  0x000001f658bef2f0 JavaThread "Refresh Thread: Equinox Container: 62d4e975-17f3-4554-9903-6b411d0bc629" daemon [_thread_blocked, id=28228, stack(0x0000002998e00000,0x0000002998f00000) (1024K)]
  0x000001f65888db30 JavaThread "Framework Event Dispatcher: Equinox Container: 62d4e975-17f3-4554-9903-6b411d0bc629" daemon [_thread_blocked, id=12728, stack(0x0000002998f00000,0x0000002999000000) (1024K)]
  0x000001f6588922f0 JavaThread "Start Level: Equinox Container: 62d4e975-17f3-4554-9903-6b411d0bc629" daemon [_thread_blocked, id=13820, stack(0x0000002999000000,0x0000002999100000) (1024K)]
  0x000001f658be9ca0 JavaThread "Bundle File Closer"         daemon [_thread_blocked, id=13108, stack(0x0000002999400000,0x0000002999500000) (1024K)]
  0x000001f658fda280 JavaThread "SCR Component Actor"        daemon [_thread_blocked, id=22764, stack(0x0000002999500000,0x0000002999600000) (1024K)]
  0x000001f65917f210 JavaThread "Worker-JM"                         [_thread_blocked, id=18408, stack(0x0000002999700000,0x0000002999800000) (1024K)]
  0x000001f65917eb80 JavaThread "JNA Cleaner"                daemon [_thread_blocked, id=24916, stack(0x0000002998500000,0x0000002998600000) (1024K)]
  0x000001f659226500 JavaThread "Worker-0"                          [_thread_blocked, id=10400, stack(0x0000002999900000,0x0000002999a00000) (1024K)]
  0x000001f65922a010 JavaThread "Worker-1: Initialize workspace"        [_thread_in_vm, id=21164, stack(0x0000002999a00000,0x0000002999b00000) (1024K)]
  0x000001f659229980 JavaThread "Worker-2"                          [_thread_blocked, id=13304, stack(0x0000002999b00000,0x0000002999c00000) (1024K)]
  0x000001f6592292f0 JavaThread "Worker-3"                          [_thread_blocked, id=28896, stack(0x0000002999c00000,0x0000002999d00000) (1024K)]
=>0x000001f67e0c4f40 JavaThread "C2 CompilerThread1"         daemon [_thread_in_native, id=2152, stack(0x0000002998100000,0x0000002998200000) (1024K)]
  0x000001f65922ad30 JavaThread "Java indexing"              daemon [_thread_blocked, id=31536, stack(0x0000002999e00000,0x0000002999f00000) (1024K)]
  0x000001f6592278b0 JavaThread "Worker-4"                          [_thread_blocked, id=28168, stack(0x000000299a100000,0x000000299a200000) (1024K)]
  0x000001f659227f40 JavaThread "Thread-1"                   daemon [_thread_in_native, id=32432, stack(0x000000299a200000,0x000000299a300000) (1024K)]
  0x000001f65922b3c0 JavaThread "Thread-2"                   daemon [_thread_in_native, id=20576, stack(0x000000299a300000,0x000000299a400000) (1024K)]
  0x000001f65922ba50 JavaThread "Thread-3"                   daemon [_thread_in_native, id=20176, stack(0x000000299a400000,0x000000299a500000) (1024K)]
  0x000001f6592285d0 JavaThread "Thread-4"                   daemon [_thread_in_native, id=5196, stack(0x000000299a500000,0x000000299a600000) (1024K)]
  0x000001f65922ce00 JavaThread "Thread-5"                   daemon [_thread_in_native, id=3708, stack(0x000000299a600000,0x000000299a700000) (1024K)]
  0x000001f65922c0e0 JavaThread "Thread-6"                   daemon [_thread_in_native, id=24768, stack(0x000000299a700000,0x000000299a800000) (1024K)]
  0x000001f65922c770 JavaThread "Thread-7"                   daemon [_thread_in_native, id=3600, stack(0x000000299a800000,0x000000299a900000) (1024K)]
  0x000001f65922d490 JavaThread "Thread-8"                   daemon [_thread_in_native, id=30788, stack(0x000000299a900000,0x000000299aa00000) (1024K)]
  0x000001f65922db20 JavaThread "Thread-9"                   daemon [_thread_in_native, id=10224, stack(0x000000299aa00000,0x000000299ab00000) (1024K)]
  0x000001f65ae9b470 JavaThread "Thread-10"                  daemon [_thread_in_native, id=9920, stack(0x000000299ab00000,0x000000299ac00000) (1024K)]
  0x000001f65ae98680 JavaThread "Thread-11"                  daemon [_thread_in_native, id=25956, stack(0x000000299ac00000,0x000000299ad00000) (1024K)]
  0x000001f65ae99a30 JavaThread "Thread-12"                  daemon [_thread_in_native, id=21860, stack(0x000000299ad00000,0x000000299ae00000) (1024K)]
  0x000001f65ae97ff0 JavaThread "Thread-13"                  daemon [_thread_in_native, id=10888, stack(0x000000299ae00000,0x000000299af00000) (1024K)]
  0x000001f65ae9a750 JavaThread "Thread-14"                  daemon [_thread_in_native, id=33388, stack(0x000000299af00000,0x000000299b000000) (1024K)]
  0x000001f65ae9c190 JavaThread "Thread-15"                  daemon [_thread_in_native, id=6872, stack(0x000000299b000000,0x000000299b100000) (1024K)]
  0x000001f65ae9ade0 JavaThread "Thread-16"                  daemon [_thread_in_native, id=7256, stack(0x000000299b100000,0x000000299b200000) (1024K)]
  0x000001f65ae9a0c0 JavaThread "Thread-17"                  daemon [_thread_in_native, id=2388, stack(0x000000299b200000,0x000000299b300000) (1024K)]
  0x000001f65ae9bb00 JavaThread "pool-2-thread-1"                   [_thread_blocked, id=21744, stack(0x000000299b300000,0x000000299b400000) (1024K)]
  0x000001f65ae98d10 JavaThread "WorkspaceEventsHandler"            [_thread_blocked, id=28500, stack(0x000000299b400000,0x000000299b500000) (1024K)]
  0x000001f65ae993a0 JavaThread "pool-1-thread-1"                   [_thread_blocked, id=3384, stack(0x000000299b500000,0x000000299b600000) (1024K)]
  0x000001f65ae9ceb0 JavaThread "ForkJoinPool.commonPool-worker-1" daemon [_thread_blocked, id=26716, stack(0x000000299b600000,0x000000299b700000) (1024K)]
  0x000001f65ae9d540 JavaThread "ForkJoinPool.commonPool-worker-2" daemon [_thread_blocked, id=20512, stack(0x000000299b700000,0x000000299b800000) (1024K)]
  0x000001f65ae9dbd0 JavaThread "ForkJoinPool.commonPool-worker-3" daemon [_thread_blocked, id=3884, stack(0x000000299b800000,0x000000299b900000) (1024K)]
  0x000001f65ae9f610 JavaThread "ForkJoinPool.commonPool-worker-4" daemon [_thread_blocked, id=20736, stack(0x000000299b900000,0x000000299ba00000) (1024K)]
  0x000001f65ae9c820 JavaThread "ForkJoinPool.commonPool-worker-5" daemon [_thread_blocked, id=3660, stack(0x000000299ba00000,0x000000299bb00000) (1024K)]
  0x000001f65ae9ef80 JavaThread "ForkJoinPool.commonPool-worker-6" daemon [_thread_blocked, id=33164, stack(0x000000299bb00000,0x000000299bc00000) (1024K)]
  0x000001f65ae9e260 JavaThread "ForkJoinPool.commonPool-worker-7" daemon [_thread_blocked, id=13544, stack(0x000000299bc00000,0x000000299bd00000) (1024K)]
  0x000001f65ae9e8f0 JavaThread "ForkJoinPool.commonPool-worker-8" daemon [_thread_blocked, id=14128, stack(0x000000299bd00000,0x000000299be00000) (1024K)]
  0x000001f65ac210f0 JavaThread "ForkJoinPool.commonPool-worker-9" daemon [_thread_blocked, id=25116, stack(0x000000299be00000,0x000000299bf00000) (1024K)]
  0x000001f65ac21780 JavaThread "ForkJoinPool.commonPool-worker-10" daemon [_thread_blocked, id=21876, stack(0x000000299bf00000,0x000000299c000000) (1024K)]
  0x000001f65ac1e300 JavaThread "ForkJoinPool.commonPool-worker-11" daemon [_thread_blocked, id=10064, stack(0x000000299c000000,0x000000299c100000) (1024K)]
  0x000001f65ac1e990 JavaThread "ForkJoinPool.commonPool-worker-12" daemon [_thread_blocked, id=30256, stack(0x000000299c100000,0x000000299c200000) (1024K)]
  0x000001f65ac203d0 JavaThread "ForkJoinPool.commonPool-worker-13" daemon [_thread_blocked, id=6336, stack(0x000000299c200000,0x000000299c300000) (1024K)]
  0x000001f65ac20a60 JavaThread "ForkJoinPool.commonPool-worker-14" daemon [_thread_blocked, id=7948, stack(0x000000299c300000,0x000000299c400000) (1024K)]
  0x000001f65ac21e10 JavaThread "ForkJoinPool.commonPool-worker-15" daemon [_thread_blocked, id=29888, stack(0x000000299c400000,0x000000299c500000) (1024K)]
Total: 64

Other Threads:
  0x000001f67cc91340 VMThread "VM Thread"                           [id=14980, stack(0x0000002997600000,0x0000002997700000) (1024K)]
  0x000001f67cb8ca00 WatcherThread "VM Periodic Task Thread"        [id=16324, stack(0x0000002997500000,0x0000002997600000) (1024K)]
  0x000001f679222b80 WorkerThread "GC Thread#0"                     [id=28160, stack(0x0000002997400000,0x0000002997500000) (1024K)]
  0x000001f6580d7950 WorkerThread "GC Thread#1"                     [id=12280, stack(0x0000002998600000,0x0000002998700000) (1024K)]
  0x000001f658288600 WorkerThread "GC Thread#2"                     [id=18748, stack(0x0000002998700000,0x0000002998800000) (1024K)]
  0x000001f658b640b0 WorkerThread "GC Thread#3"                     [id=33088, stack(0x0000002998800000,0x0000002998900000) (1024K)]
  0x000001f6589c2860 WorkerThread "GC Thread#4"                     [id=27948, stack(0x0000002998900000,0x0000002998a00000) (1024K)]
  0x000001f65864c140 WorkerThread "GC Thread#5"                     [id=23168, stack(0x0000002998a00000,0x0000002998b00000) (1024K)]
  0x000001f65860cf90 WorkerThread "GC Thread#6"                     [id=18308, stack(0x0000002998b00000,0x0000002998c00000) (1024K)]
  0x000001f658bf8460 WorkerThread "GC Thread#7"                     [id=11784, stack(0x0000002998d00000,0x0000002998e00000) (1024K)]
  0x000001f658ea53b0 WorkerThread "GC Thread#8"                     [id=33528, stack(0x0000002999100000,0x0000002999200000) (1024K)]
  0x000001f65919de40 WorkerThread "GC Thread#9"                     [id=33188, stack(0x0000002999200000,0x0000002999300000) (1024K)]
  0x000001f65919daa0 WorkerThread "GC Thread#10"                    [id=15744, stack(0x0000002999300000,0x0000002999400000) (1024K)]
  0x000001f65919e1e0 WorkerThread "GC Thread#11"                    [id=3316, stack(0x0000002999600000,0x0000002999700000) (1024K)]
  0x000001f65919cfc0 WorkerThread "GC Thread#12"                    [id=9616, stack(0x0000002999800000,0x0000002999900000) (1024K)]
Total: 15

Threads with active compile tasks:
C2 CompilerThread0  15696 9481       4       java.util.regex.Pattern$Slice::match (79 bytes)
C2 CompilerThread1  15696 9219       4       lombok.eclipse.EclipseAST::drill (80 bytes)
Total: 2

VM state: not at safepoint (normal execution)

VM Mutex/Monitor currently owned by a thread: None

Heap address: 0x0000000080000000, size: 2048 MB, Compressed Oops mode: 32-bit

CDS archive(s) mapped at: [0x000001f613000000-0x000001f613ba0000-0x000001f613ba0000), size 12189696, SharedBaseAddress: 0x000001f613000000, ArchiveRelocationMode: 1.
Compressed class space mapped at: 0x000001f614000000-0x000001f654000000, reserved size: 1073741824
Narrow klass base: 0x000001f613000000, Narrow klass shift: 0, Narrow klass range: 0x100000000

GC Precious Log:
 CardTable entry size: 512
 CPUs: 16 total, 16 available
 Memory: 11972M
 Large Page Support: Disabled
 NUMA Support: Disabled
 Compressed Oops: Enabled (32-bit)
 Alignments: Space 512K, Generation 512K, Heap 2M
 Heap Min Capacity: 100M
 Heap Initial Capacity: 100M
 Heap Max Capacity: 2G
 Pre-touch: Disabled
 Parallel Workers: 13

Heap:
 PSYoungGen      total 17408K, used 4009K [0x00000000d5580000, 0x00000000d6900000, 0x0000000100000000)
  eden space 16896K, 20% used [0x00000000d5580000,0x00000000d58ee468,0x00000000d6600000)
  from space 512K, 96% used [0x00000000d6780000,0x00000000d67fc010,0x00000000d6800000)
  to   space 1536K, 0% used [0x00000000d6600000,0x00000000d6600000,0x00000000d6780000)
 ParOldGen       total 68608K, used 53468K [0x0000000080000000, 0x0000000084300000, 0x00000000d5580000)
  object space 68608K, 77% used [0x0000000080000000,0x0000000083437158,0x0000000084300000)
 Metaspace       used 58115K, committed 59520K, reserved 1114112K
  class space    used 6220K, committed 6848K, reserved 1048576K

Card table byte_map: [0x000001f678ba0000,0x000001f678fb0000] _byte_map_base: 0x000001f6787a0000

Marking Bits: (ParMarkBitMap*) 0x00007ffa57492460
 Begin Bits: [0x000001f60f000000, 0x000001f611000000)
 End Bits:   [0x000001f611000000, 0x000001f613000000)

Polling page: 0x000001f677430000

Metaspace:

Usage:
  Non-class:     50.68 MB used.
      Class:      6.07 MB used.
       Both:     56.75 MB used.

Virtual space:
  Non-class space:       64.00 MB reserved,      51.44 MB ( 80%) committed,  1 nodes.
      Class space:        1.00 GB reserved,       6.69 MB ( <1%) committed,  1 nodes.
             Both:        1.06 GB reserved,      58.12 MB (  5%) committed. 

Chunk freelists:
   Non-Class:  12.51 MB
       Class:  9.22 MB
        Both:  21.72 MB

MaxMetaspaceSize: unlimited
CompressedClassSpaceSize: 1.00 GB
Initial GC threshold: 21.00 MB
Current GC threshold: 58.38 MB
CDS: on
 - commit_granule_bytes: 65536.
 - commit_granule_words: 8192.
 - virtual_space_node_default_size: 8388608.
 - enlarge_chunks_in_place: 1.
 - use_allocation_guard: 0.


Internal statistics:

num_allocs_failed_limit: 6.
num_arena_births: 1164.
num_arena_deaths: 14.
num_vsnodes_births: 2.
num_vsnodes_deaths: 0.
num_space_committed: 930.
num_space_uncommitted: 0.
num_chunks_returned_to_freelist: 20.
num_chunks_taken_from_freelist: 3902.
num_chunk_merges: 12.
num_chunk_splits: 2379.
num_chunks_enlarged: 1350.
num_inconsistent_stats: 0.

CodeHeap 'non-profiled nmethods': size=119168Kb used=4588Kb max_used=4588Kb free=114579Kb
 bounds [0x000001f607ba0000, 0x000001f608020000, 0x000001f60f000000]
CodeHeap 'profiled nmethods': size=119104Kb used=19913Kb max_used=19913Kb free=99190Kb
 bounds [0x000001f600000000, 0x000001f601380000, 0x000001f607450000]
CodeHeap 'non-nmethods': size=7488Kb used=3098Kb max_used=3147Kb free=4389Kb
 bounds [0x000001f607450000, 0x000001f607770000, 0x000001f607ba0000]
CodeCache: size=245760Kb, used=27599Kb, max_used=27648Kb, free=218158Kb
 total_blobs=9795, nmethods=9076, adapters=622, full_count=0
Compilation: enabled, stopped_count=0, restarted_count=0

Compilation events (20 events):
Event: 14.545 Thread 0x000001f67e14f0f0 nmethod 9679 0x000001f60135a510 code [0x000001f60135a6e0, 0x000001f60135a998]
Event: 14.549 Thread 0x000001f67e14ea50 9680       2       org.apache.maven.model.InputLocation::<init> (30 bytes)
Event: 14.549 Thread 0x000001f67e14ea50 nmethod 9680 0x000001f60135ab10 code [0x000001f60135aca0, 0x000001f60135add8]
Event: 14.549 Thread 0x000001f67e36d3a0 9681       3       java.util.LinkedHashMap::<init> (15 bytes)
Event: 14.550 Thread 0x000001f67e36d3a0 nmethod 9681 0x000001f60135ae90 code [0x000001f60135b040, 0x000001f60135b278]
Event: 14.551 Thread 0x000001f67e14f0f0 9682       1       org.codehaus.plexus.util.xml.Xpp3Dom::getName (5 bytes)
Event: 14.551 Thread 0x000001f67e14f0f0 nmethod 9682 0x000001f608012f90 code [0x000001f608013120, 0x000001f6080131e8]
Event: 14.555 Thread 0x000001f6792b6fd0 9683       2       org.eclipse.sisu.inject.RankedBindings::add (10 bytes)
Event: 14.556 Thread 0x000001f6792b6fd0 nmethod 9683 0x000001f60135b390 code [0x000001f60135b540, 0x000001f60135b668]
Event: 14.556 Thread 0x000001f6792b6fd0 9684       2       org.eclipse.sisu.inject.LazyBeanEntry::getValue (10 bytes)
Event: 14.556 Thread 0x000001f6792b6fd0 nmethod 9684 0x000001f60135b710 code [0x000001f60135b8c0, 0x000001f60135b9f8]
Event: 14.572 Thread 0x000001f67e14f0f0 9685       2       org.apache.maven.model.io.xpp3.MavenXpp3ReaderEx::nextTag (64 bytes)
Event: 14.572 Thread 0x000001f67e14f0f0 nmethod 9685 0x000001f60135ba90 code [0x000001f60135bcc0, 0x000001f60135c180]
Event: 14.573 Thread 0x000001f6792b6fd0 9686       2       org.apache.maven.model.io.xpp3.MavenXpp3ReaderEx::interpolatedTrimmed (16 bytes)
Event: 14.573 Thread 0x000001f67e14ea50 9687       2       org.apache.maven.model.io.xpp3.MavenXpp3ReaderEx$1::transform (2 bytes)
Event: 14.573 Thread 0x000001f67e14f0f0 9688       2       org.apache.maven.model.io.xpp3.MavenXpp3ReaderEx::getTrimmedValue (11 bytes)
Event: 14.573 Thread 0x000001f67e14ea50 nmethod 9687 0x000001f60135c490 code [0x000001f60135c620, 0x000001f60135c728]
Event: 14.573 Thread 0x000001f6792b6fd0 nmethod 9686 0x000001f60135c790 code [0x000001f60135c940, 0x000001f60135cac0]
Event: 14.574 Thread 0x000001f67e14f0f0 nmethod 9688 0x000001f60135cc10 code [0x000001f60135cdc0, 0x000001f60135cf50]
Event: 14.574 Thread 0x000001f67e14ea50 9689       2       org.apache.maven.model.Dependency::setLocation (390 bytes)

GC Heap History (20 events):
Event: 12.523 GC heap after
{Heap after GC invocations=34 (full 2):
 PSYoungGen      total 17408K, used 512K [0x00000000d5580000, 0x00000000d6880000, 0x0000000100000000)
  eden space 16896K, 0% used [0x00000000d5580000,0x00000000d5580000,0x00000000d6600000)
  from space 512K, 100% used [0x00000000d6800000,0x00000000d6880000,0x00000000d6880000)
  to   space 1024K, 0% used [0x00000000d6680000,0x00000000d6680000,0x00000000d6780000)
 ParOldGen       total 68608K, used 49354K [0x0000000080000000, 0x0000000084300000, 0x00000000d5580000)
  object space 68608K, 71% used [0x0000000080000000,0x0000000083032ab0,0x0000000084300000)
 Metaspace       used 52870K, committed 54208K, reserved 1114112K
  class space    used 5713K, committed 6272K, reserved 1048576K
}
Event: 12.749 GC heap before
{Heap before GC invocations=35 (full 2):
 PSYoungGen      total 17408K, used 17408K [0x00000000d5580000, 0x00000000d6880000, 0x0000000100000000)
  eden space 16896K, 100% used [0x00000000d5580000,0x00000000d6600000,0x00000000d6600000)
  from space 512K, 100% used [0x00000000d6800000,0x00000000d6880000,0x00000000d6880000)
  to   space 1024K, 0% used [0x00000000d6680000,0x00000000d6680000,0x00000000d6780000)
 ParOldGen       total 68608K, used 49354K [0x0000000080000000, 0x0000000084300000, 0x00000000d5580000)
  object space 68608K, 71% used [0x0000000080000000,0x0000000083032ab0,0x0000000084300000)
 Metaspace       used 53727K, committed 55104K, reserved 1114112K
  class space    used 5817K, committed 6400K, reserved 1048576K
}
Event: 12.752 GC heap after
{Heap after GC invocations=35 (full 2):
 PSYoungGen      total 17920K, used 1009K [0x00000000d5580000, 0x00000000d6b00000, 0x0000000100000000)
  eden space 16896K, 0% used [0x00000000d5580000,0x00000000d5580000,0x00000000d6600000)
  from space 1024K, 98% used [0x00000000d6680000,0x00000000d677c558,0x00000000d6780000)
  to   space 2560K, 0% used [0x00000000d6880000,0x00000000d6880000,0x00000000d6b00000)
 ParOldGen       total 68608K, used 50440K [0x0000000080000000, 0x0000000084300000, 0x00000000d5580000)
  object space 68608K, 73% used [0x0000000080000000,0x0000000083142040,0x0000000084300000)
 Metaspace       used 53727K, committed 55104K, reserved 1114112K
  class space    used 5817K, committed 6400K, reserved 1048576K
}
Event: 12.832 GC heap before
{Heap before GC invocations=36 (full 2):
 PSYoungGen      total 17920K, used 17905K [0x00000000d5580000, 0x00000000d6b00000, 0x0000000100000000)
  eden space 16896K, 100% used [0x00000000d5580000,0x00000000d6600000,0x00000000d6600000)
  from space 1024K, 98% used [0x00000000d6680000,0x00000000d677c558,0x00000000d6780000)
  to   space 2560K, 0% used [0x00000000d6880000,0x00000000d6880000,0x00000000d6b00000)
 ParOldGen       total 68608K, used 50440K [0x0000000080000000, 0x0000000084300000, 0x00000000d5580000)
  object space 68608K, 73% used [0x0000000080000000,0x0000000083142040,0x0000000084300000)
 Metaspace       used 53739K, committed 55104K, reserved 1114112K
  class space    used 5817K, committed 6400K, reserved 1048576K
}
Event: 12.834 GC heap after
{Heap after GC invocations=36 (full 2):
 PSYoungGen      total 17920K, used 918K [0x00000000d5580000, 0x00000000d6980000, 0x0000000100000000)
  eden space 16896K, 0% used [0x00000000d5580000,0x00000000d5580000,0x00000000d6600000)
  from space 1024K, 89% used [0x00000000d6880000,0x00000000d6965a98,0x00000000d6980000)
  to   space 1536K, 0% used [0x00000000d6680000,0x00000000d6680000,0x00000000d6800000)
 ParOldGen       total 68608K, used 51488K [0x0000000080000000, 0x0000000084300000, 0x00000000d5580000)
  object space 68608K, 75% used [0x0000000080000000,0x0000000083248020,0x0000000084300000)
 Metaspace       used 53739K, committed 55104K, reserved 1114112K
  class space    used 5817K, committed 6400K, reserved 1048576K
}
Event: 13.056 GC heap before
{Heap before GC invocations=37 (full 2):
 PSYoungGen      total 17920K, used 17814K [0x00000000d5580000, 0x00000000d6980000, 0x0000000100000000)
  eden space 16896K, 100% used [0x00000000d5580000,0x00000000d6600000,0x00000000d6600000)
  from space 1024K, 89% used [0x00000000d6880000,0x00000000d6965a98,0x00000000d6980000)
  to   space 1536K, 0% used [0x00000000d6680000,0x00000000d6680000,0x00000000d6800000)
 ParOldGen       total 68608K, used 51488K [0x0000000080000000, 0x0000000084300000, 0x00000000d5580000)
  object space 68608K, 75% used [0x0000000080000000,0x0000000083248020,0x0000000084300000)
 Metaspace       used 55253K, committed 56576K, reserved 1114112K
  class space    used 5962K, committed 6528K, reserved 1048576K
}
Event: 13.057 GC heap after
{Heap after GC invocations=37 (full 2):
 PSYoungGen      total 18432K, used 544K [0x00000000d5580000, 0x00000000d6900000, 0x0000000100000000)
  eden space 16896K, 0% used [0x00000000d5580000,0x00000000d5580000,0x00000000d6600000)
  from space 1536K, 35% used [0x00000000d6680000,0x00000000d6708000,0x00000000d6800000)
  to   space 1024K, 0% used [0x00000000d6800000,0x00000000d6800000,0x00000000d6900000)
 ParOldGen       total 68608K, used 51512K [0x0000000080000000, 0x0000000084300000, 0x00000000d5580000)
  object space 68608K, 75% used [0x0000000080000000,0x000000008324e020,0x0000000084300000)
 Metaspace       used 55253K, committed 56576K, reserved 1114112K
  class space    used 5962K, committed 6528K, reserved 1048576K
}
Event: 13.444 GC heap before
{Heap before GC invocations=38 (full 2):
 PSYoungGen      total 18432K, used 17440K [0x00000000d5580000, 0x00000000d6900000, 0x0000000100000000)
  eden space 16896K, 100% used [0x00000000d5580000,0x00000000d6600000,0x00000000d6600000)
  from space 1536K, 35% used [0x00000000d6680000,0x00000000d6708000,0x00000000d6800000)
  to   space 1024K, 0% used [0x00000000d6800000,0x00000000d6800000,0x00000000d6900000)
 ParOldGen       total 68608K, used 51512K [0x0000000080000000, 0x0000000084300000, 0x00000000d5580000)
  object space 68608K, 75% used [0x0000000080000000,0x000000008324e020,0x0000000084300000)
 Metaspace       used 56117K, committed 57600K, reserved 1114112K
  class space    used 6048K, committed 6720K, reserved 1048576K
}
Event: 13.446 GC heap after
{Heap after GC invocations=38 (full 2):
 PSYoungGen      total 17920K, used 576K [0x00000000d5580000, 0x00000000d6900000, 0x0000000100000000)
  eden space 16896K, 0% used [0x00000000d5580000,0x00000000d5580000,0x00000000d6600000)
  from space 1024K, 56% used [0x00000000d6800000,0x00000000d6890000,0x00000000d6900000)
  to   space 1024K, 0% used [0x00000000d6700000,0x00000000d6700000,0x00000000d6800000)
 ParOldGen       total 68608K, used 51856K [0x0000000080000000, 0x0000000084300000, 0x00000000d5580000)
  object space 68608K, 75% used [0x0000000080000000,0x00000000832a4040,0x0000000084300000)
 Metaspace       used 56117K, committed 57600K, reserved 1114112K
  class space    used 6048K, committed 6720K, reserved 1048576K
}
Event: 13.602 GC heap before
{Heap before GC invocations=39 (full 2):
 PSYoungGen      total 17920K, used 17472K [0x00000000d5580000, 0x00000000d6900000, 0x0000000100000000)
  eden space 16896K, 100% used [0x00000000d5580000,0x00000000d6600000,0x00000000d6600000)
  from space 1024K, 56% used [0x00000000d6800000,0x00000000d6890000,0x00000000d6900000)
  to   space 1024K, 0% used [0x00000000d6700000,0x00000000d6700000,0x00000000d6800000)
 ParOldGen       total 68608K, used 51856K [0x0000000080000000, 0x0000000084300000, 0x00000000d5580000)
  object space 68608K, 75% used [0x0000000080000000,0x00000000832a4040,0x0000000084300000)
 Metaspace       used 56274K, committed 57728K, reserved 1114112K
  class space    used 6056K, committed 6720K, reserved 1048576K
}
Event: 13.604 GC heap after
{Heap after GC invocations=39 (full 2):
 PSYoungGen      total 17920K, used 560K [0x00000000d5580000, 0x00000000d6880000, 0x0000000100000000)
  eden space 16896K, 0% used [0x00000000d5580000,0x00000000d5580000,0x00000000d6600000)
  from space 1024K, 54% used [0x00000000d6700000,0x00000000d678c010,0x00000000d6800000)
  to   space 512K, 0% used [0x00000000d6800000,0x00000000d6800000,0x00000000d6880000)
 ParOldGen       total 68608K, used 52120K [0x0000000080000000, 0x0000000084300000, 0x00000000d5580000)
  object space 68608K, 75% used [0x0000000080000000,0x00000000832e6288,0x0000000084300000)
 Metaspace       used 56274K, committed 57728K, reserved 1114112K
  class space    used 6056K, committed 6720K, reserved 1048576K
}
Event: 13.830 GC heap before
{Heap before GC invocations=40 (full 2):
 PSYoungGen      total 17920K, used 17456K [0x00000000d5580000, 0x00000000d6880000, 0x0000000100000000)
  eden space 16896K, 100% used [0x00000000d5580000,0x00000000d6600000,0x00000000d6600000)
  from space 1024K, 54% used [0x00000000d6700000,0x00000000d678c010,0x00000000d6800000)
  to   space 512K, 0% used [0x00000000d6800000,0x00000000d6800000,0x00000000d6880000)
 ParOldGen       total 68608K, used 52120K [0x0000000080000000, 0x0000000084300000, 0x00000000d5580000)
  object space 68608K, 75% used [0x0000000080000000,0x00000000832e6288,0x0000000084300000)
 Metaspace       used 56446K, committed 57856K, reserved 1114112K
  class space    used 6062K, committed 6720K, reserved 1048576K
}
Event: 13.832 GC heap after
{Heap after GC invocations=40 (full 2):
 PSYoungGen      total 17408K, used 512K [0x00000000d5580000, 0x00000000d6880000, 0x0000000100000000)
  eden space 16896K, 0% used [0x00000000d5580000,0x00000000d5580000,0x00000000d6600000)
  from space 512K, 100% used [0x00000000d6800000,0x00000000d6880000,0x00000000d6880000)
  to   space 1024K, 0% used [0x00000000d6680000,0x00000000d6680000,0x00000000d6780000)
 ParOldGen       total 68608K, used 52264K [0x0000000080000000, 0x0000000084300000, 0x00000000d5580000)
  object space 68608K, 76% used [0x0000000080000000,0x000000008330a288,0x0000000084300000)
 Metaspace       used 56446K, committed 57856K, reserved 1114112K
  class space    used 6062K, committed 6720K, reserved 1048576K
}
Event: 14.061 GC heap before
{Heap before GC invocations=41 (full 2):
 PSYoungGen      total 17408K, used 17408K [0x00000000d5580000, 0x00000000d6880000, 0x0000000100000000)
  eden space 16896K, 100% used [0x00000000d5580000,0x00000000d6600000,0x00000000d6600000)
  from space 512K, 100% used [0x00000000d6800000,0x00000000d6880000,0x00000000d6880000)
  to   space 1024K, 0% used [0x00000000d6680000,0x00000000d6680000,0x00000000d6780000)
 ParOldGen       total 68608K, used 52264K [0x0000000080000000, 0x0000000084300000, 0x00000000d5580000)
  object space 68608K, 76% used [0x0000000080000000,0x000000008330a288,0x0000000084300000)
 Metaspace       used 56605K, committed 57984K, reserved 1114112K
  class space    used 6067K, committed 6720K, reserved 1048576K
}
Event: 14.063 GC heap after
{Heap after GC invocations=41 (full 2):
 PSYoungGen      total 17920K, used 691K [0x00000000d5580000, 0x00000000d6880000, 0x0000000100000000)
  eden space 16896K, 0% used [0x00000000d5580000,0x00000000d5580000,0x00000000d6600000)
  from space 1024K, 67% used [0x00000000d6680000,0x00000000d672ce70,0x00000000d6780000)
  to   space 1024K, 0% used [0x00000000d6780000,0x00000000d6780000,0x00000000d6880000)
 ParOldGen       total 68608K, used 52528K [0x0000000080000000, 0x0000000084300000, 0x00000000d5580000)
  object space 68608K, 76% used [0x0000000080000000,0x000000008334c298,0x0000000084300000)
 Metaspace       used 56605K, committed 57984K, reserved 1114112K
  class space    used 6067K, committed 6720K, reserved 1048576K
}
Event: 14.184 GC heap before
{Heap before GC invocations=42 (full 2):
 PSYoungGen      total 17920K, used 17587K [0x00000000d5580000, 0x00000000d6880000, 0x0000000100000000)
  eden space 16896K, 100% used [0x00000000d5580000,0x00000000d6600000,0x00000000d6600000)
  from space 1024K, 67% used [0x00000000d6680000,0x00000000d672ce70,0x00000000d6780000)
  to   space 1024K, 0% used [0x00000000d6780000,0x00000000d6780000,0x00000000d6880000)
 ParOldGen       total 68608K, used 52528K [0x0000000080000000, 0x0000000084300000, 0x00000000d5580000)
  object space 68608K, 76% used [0x0000000080000000,0x000000008334c298,0x0000000084300000)
 Metaspace       used 56671K, committed 58112K, reserved 1114112K
  class space    used 6069K, committed 6720K, reserved 1048576K
}
Event: 14.185 GC heap after
{Heap after GC invocations=42 (full 2):
 PSYoungGen      total 17408K, used 432K [0x00000000d5580000, 0x00000000d6800000, 0x0000000100000000)
  eden space 16896K, 0% used [0x00000000d5580000,0x00000000d5580000,0x00000000d6600000)
  from space 512K, 84% used [0x00000000d6780000,0x00000000d67ec010,0x00000000d6800000)
  to   space 1024K, 0% used [0x00000000d6600000,0x00000000d6600000,0x00000000d6700000)
 ParOldGen       total 68608K, used 52812K [0x0000000080000000, 0x0000000084300000, 0x00000000d5580000)
  object space 68608K, 76% used [0x0000000080000000,0x0000000083393108,0x0000000084300000)
 Metaspace       used 56671K, committed 58112K, reserved 1114112K
  class space    used 6069K, committed 6720K, reserved 1048576K
}
Event: 14.301 GC heap before
{Heap before GC invocations=43 (full 2):
 PSYoungGen      total 17408K, used 17328K [0x00000000d5580000, 0x00000000d6800000, 0x0000000100000000)
  eden space 16896K, 100% used [0x00000000d5580000,0x00000000d6600000,0x00000000d6600000)
  from space 512K, 84% used [0x00000000d6780000,0x00000000d67ec010,0x00000000d6800000)
  to   space 1024K, 0% used [0x00000000d6600000,0x00000000d6600000,0x00000000d6700000)
 ParOldGen       total 68608K, used 52812K [0x0000000080000000, 0x0000000084300000, 0x00000000d5580000)
  object space 68608K, 76% used [0x0000000080000000,0x0000000083393108,0x0000000084300000)
 Metaspace       used 56729K, committed 58112K, reserved 1114112K
  class space    used 6069K, committed 6720K, reserved 1048576K
}
Event: 14.303 GC heap after
{Heap after GC invocations=43 (full 2):
 PSYoungGen      total 17920K, used 352K [0x00000000d5580000, 0x00000000d6800000, 0x0000000100000000)
  eden space 16896K, 0% used [0x00000000d5580000,0x00000000d5580000,0x00000000d6600000)
  from space 1024K, 34% used [0x00000000d6600000,0x00000000d6658000,0x00000000d6700000)
  to   space 512K, 0% used [0x00000000d6780000,0x00000000d6780000,0x00000000d6800000)
 ParOldGen       total 68608K, used 52996K [0x0000000080000000, 0x0000000084300000, 0x00000000d5580000)
  object space 68608K, 77% used [0x0000000080000000,0x00000000833c1118,0x0000000084300000)
 Metaspace       used 56729K, committed 58112K, reserved 1114112K
  class space    used 6069K, committed 6720K, reserved 1048576K
}
Event: 14.574 GC heap before
{Heap before GC invocations=44 (full 2):
 PSYoungGen      total 17920K, used 17248K [0x00000000d5580000, 0x00000000d6800000, 0x0000000100000000)
  eden space 16896K, 100% used [0x00000000d5580000,0x00000000d6600000,0x00000000d6600000)
  from space 1024K, 34% used [0x00000000d6600000,0x00000000d6658000,0x00000000d6700000)
  to   space 512K, 0% used [0x00000000d6780000,0x00000000d6780000,0x00000000d6800000)
 ParOldGen       total 68608K, used 52996K [0x0000000080000000, 0x0000000084300000, 0x00000000d5580000)
  object space 68608K, 77% used [0x0000000080000000,0x00000000833c1118,0x0000000084300000)
 Metaspace       used 57836K, committed 59200K, reserved 1114112K
  class space    used 6185K, committed 6784K, reserved 1048576K
}

Dll operation events (10 events):
Event: 0.015 Loaded shared library c:\Users\sebas\.vscode\extensions\redhat.java-1.50.0-win32-x64\jre\21.0.9-win32-x86_64\bin\java.dll
Event: 0.110 Loaded shared library c:\Users\sebas\.vscode\extensions\redhat.java-1.50.0-win32-x64\jre\21.0.9-win32-x86_64\bin\zip.dll
Event: 0.141 Loaded shared library C:\Users\sebas\.vscode\extensions\redhat.java-1.50.0-win32-x64\jre\21.0.9-win32-x86_64\bin\instrument.dll
Event: 0.149 Loaded shared library C:\Users\sebas\.vscode\extensions\redhat.java-1.50.0-win32-x64\jre\21.0.9-win32-x86_64\bin\net.dll
Event: 0.153 Loaded shared library C:\Users\sebas\.vscode\extensions\redhat.java-1.50.0-win32-x64\jre\21.0.9-win32-x86_64\bin\nio.dll
Event: 0.159 Loaded shared library C:\Users\sebas\.vscode\extensions\redhat.java-1.50.0-win32-x64\jre\21.0.9-win32-x86_64\bin\zip.dll
Event: 0.186 Loaded shared library C:\Users\sebas\.vscode\extensions\redhat.java-1.50.0-win32-x64\jre\21.0.9-win32-x86_64\bin\jimage.dll
Event: 0.295 Loaded shared library c:\Users\sebas\.vscode\extensions\redhat.java-1.50.0-win32-x64\jre\21.0.9-win32-x86_64\bin\verify.dll
Event: 2.166 Loaded shared library C:\Users\sebas\AppData\Roaming\Code\User\globalStorage\redhat.java\1.50.0\config_win\org.eclipse.equinox.launcher\org.eclipse.equinox.launcher.win32.win32.x86_64_1.2.1400.v20250801-0854\eclipse_11916.dll
Event: 4.420 Loaded shared library C:\Users\sebas\AppData\Local\Temp\jna-109311106\jna3622151727654500824.dll

Deoptimization events (20 events):
Event: 14.520 Thread 0x000001f65922a010 Uncommon trap: trap_request=0xffffffde fr.pc=0x000001f607f64a80 relative=0x00000000000001c0
Event: 14.520 Thread 0x000001f65922a010 Uncommon trap: reason=class_check action=maybe_recompile pc=0x000001f607f64a80 method=java.util.ArrayList.hashCodeRange(II)I @ 53 c2
Event: 14.520 Thread 0x000001f65922a010 DEOPT PACKING pc=0x000001f607f64a80 sp=0x0000002999afd3b0
Event: 14.520 Thread 0x000001f65922a010 DEOPT UNPACKING pc=0x000001f6074a3aa2 sp=0x0000002999afd2c8 mode 2
Event: 14.536 Thread 0x000001f65922a010 Uncommon trap: trap_request=0xffffffde fr.pc=0x000001f607f64a80 relative=0x00000000000001c0
Event: 14.536 Thread 0x000001f65922a010 Uncommon trap: reason=class_check action=maybe_recompile pc=0x000001f607f64a80 method=java.util.ArrayList.hashCodeRange(II)I @ 53 c2
Event: 14.536 Thread 0x000001f65922a010 DEOPT PACKING pc=0x000001f607f64a80 sp=0x0000002999afd260
Event: 14.536 Thread 0x000001f65922a010 DEOPT UNPACKING pc=0x000001f6074a3aa2 sp=0x0000002999afd178 mode 2
Event: 14.556 Thread 0x000001f65922a010 Uncommon trap: trap_request=0xffffff45 fr.pc=0x000001f607bd5668 relative=0x00000000000004a8
Event: 14.556 Thread 0x000001f65922a010 Uncommon trap: reason=unstable_if action=reinterpret pc=0x000001f607bd5668 method=java.lang.String.replace(CC)Ljava/lang/String; @ 2 c2
Event: 14.556 Thread 0x000001f65922a010 DEOPT PACKING pc=0x000001f607bd5668 sp=0x0000002999afd6c0
Event: 14.556 Thread 0x000001f65922a010 DEOPT UNPACKING pc=0x000001f6074a3aa2 sp=0x0000002999afd670 mode 2
Event: 14.557 Thread 0x000001f65922a010 Uncommon trap: trap_request=0xffffffde fr.pc=0x000001f607f64a80 relative=0x00000000000001c0
Event: 14.557 Thread 0x000001f65922a010 Uncommon trap: reason=class_check action=maybe_recompile pc=0x000001f607f64a80 method=java.util.ArrayList.hashCodeRange(II)I @ 53 c2
Event: 14.557 Thread 0x000001f65922a010 DEOPT PACKING pc=0x000001f607f64a80 sp=0x0000002999afd3b0
Event: 14.557 Thread 0x000001f65922a010 DEOPT UNPACKING pc=0x000001f6074a3aa2 sp=0x0000002999afd2c8 mode 2
Event: 14.557 Thread 0x000001f65922a010 Uncommon trap: trap_request=0xffffffde fr.pc=0x000001f607f64a80 relative=0x00000000000001c0
Event: 14.557 Thread 0x000001f65922a010 Uncommon trap: reason=class_check action=maybe_recompile pc=0x000001f607f64a80 method=java.util.ArrayList.hashCodeRange(II)I @ 53 c2
Event: 14.557 Thread 0x000001f65922a010 DEOPT PACKING pc=0x000001f607f64a80 sp=0x0000002999afd260
Event: 14.557 Thread 0x000001f65922a010 DEOPT UNPACKING pc=0x000001f6074a3aa2 sp=0x0000002999afd178 mode 2

Classes loaded (20 events):
Event: 13.024 Loading class java/util/Hashtable$ValueCollection
Event: 13.024 Loading class java/util/Hashtable$ValueCollection done
Event: 13.147 Loading class java/nio/charset/CharacterCodingException
Event: 13.147 Loading class java/nio/charset/CharacterCodingException done
Event: 13.148 Loading class java/io/SequenceInputStream
Event: 13.148 Loading class java/io/SequenceInputStream done
Event: 13.220 Loading class java/util/WeakHashMap$KeyIterator
Event: 13.221 Loading class java/util/WeakHashMap$KeyIterator done
Event: 13.776 Loading class java/lang/StringLatin1$LinesSpliterator
Event: 13.776 Loading class java/lang/StringLatin1$LinesSpliterator done
Event: 14.367 Loading class java/util/Hashtable$KeySet
Event: 14.368 Loading class java/util/Hashtable$KeySet done
Event: 14.457 Loading class java/util/concurrent/CompletableFuture$UniApply
Event: 14.457 Loading class java/util/concurrent/CompletableFuture$UniCompletion
Event: 14.457 Loading class java/util/concurrent/CompletableFuture$UniCompletion done
Event: 14.457 Loading class java/util/concurrent/CompletableFuture$UniApply done
Event: 14.458 Loading class java/util/concurrent/CompletableFuture$UniAccept
Event: 14.459 Loading class java/util/concurrent/CompletableFuture$UniAccept done
Event: 14.459 Loading class java/util/concurrent/CompletableFuture$UniExceptionally
Event: 14.460 Loading class java/util/concurrent/CompletableFuture$UniExceptionally done

Classes unloaded (7 events):
Event: 5.121 Thread 0x000001f67cc91340 Unloading class 0x000001f6141aac00 'java/lang/invoke/LambdaForm$MH+0x000001f6141aac00'
Event: 5.121 Thread 0x000001f67cc91340 Unloading class 0x000001f6141aa800 'java/lang/invoke/LambdaForm$MH+0x000001f6141aa800'
Event: 5.121 Thread 0x000001f67cc91340 Unloading class 0x000001f6141aa400 'java/lang/invoke/LambdaForm$MH+0x000001f6141aa400'
Event: 5.121 Thread 0x000001f67cc91340 Unloading class 0x000001f6141aa000 'java/lang/invoke/LambdaForm$MH+0x000001f6141aa000'
Event: 5.121 Thread 0x000001f67cc91340 Unloading class 0x000001f6141a9c00 'java/lang/invoke/LambdaForm$BMH+0x000001f6141a9c00'
Event: 5.121 Thread 0x000001f67cc91340 Unloading class 0x000001f6141a9800 'java/lang/invoke/LambdaForm$DMH+0x000001f6141a9800'
Event: 5.121 Thread 0x000001f67cc91340 Unloading class 0x000001f6141a8400 'java/lang/invoke/LambdaForm$DMH+0x000001f6141a8400'

Classes redefined (0 events):
No events

Internal exceptions (20 events):
Event: 13.347 Thread 0x000001f65ae993a0 Exception <a 'java/lang/NoSuchMethodError'{0x00000000d5fbf2a0}: 'java.lang.Object java.lang.invoke.DirectMethodHandle$Holder.invokeStatic(java.lang.Object, java.lang.Object, int, int)'> (0x00000000d5fbf2a0) 
thrown [s\src\hotspot\share\interpreter\linkResolver.cpp, line 773]
Event: 13.348 Thread 0x000001f65ae993a0 Exception <a 'java/lang/NoSuchMethodError'{0x00000000d5fc35b0}: 'java.lang.Object java.lang.invoke.DirectMethodHandle$Holder.invokeSpecial(java.lang.Object, java.lang.Object, java.lang.Object, int, int)'> (0x00000000d5fc35b0) 
thrown [s\src\hotspot\share\interpreter\linkResolver.cpp, line 773]
Event: 13.777 Thread 0x000001f65ae993a0 Exception <a 'java/lang/NoSuchMethodError'{0x00000000d60cf9b0}: 'java.lang.Object java.lang.invoke.DirectMethodHandle$Holder.invokeStatic(java.lang.Object, int, java.lang.Object)'> (0x00000000d60cf9b0) 
thrown [s\src\hotspot\share\interpreter\linkResolver.cpp, line 773]
Event: 14.324 Thread 0x000001f65ae993a0 Exception <a 'sun/nio/fs/WindowsException'{0x00000000d595cf60}> (0x00000000d595cf60) 
thrown [s\src\hotspot\share\prims\jni.cpp, line 520]
Event: 14.324 Thread 0x000001f65ae993a0 Exception <a 'sun/nio/fs/WindowsException'{0x00000000d595d590}> (0x00000000d595d590) 
thrown [s\src\hotspot\share\prims\jni.cpp, line 520]
Event: 14.325 Thread 0x000001f65ae993a0 Exception <a 'sun/nio/fs/WindowsException'{0x00000000d59605f8}> (0x00000000d59605f8) 
thrown [s\src\hotspot\share\prims\jni.cpp, line 520]
Event: 14.325 Thread 0x000001f65ae993a0 Exception <a 'sun/nio/fs/WindowsException'{0x00000000d5960c28}> (0x00000000d5960c28) 
thrown [s\src\hotspot\share\prims\jni.cpp, line 520]
Event: 14.369 Thread 0x000001f65922a010 Exception <a 'java/io/FileNotFoundException'{0x00000000d5ee8858}> (0x00000000d5ee8858) 
thrown [s\src\hotspot\share\prims\jni.cpp, line 520]
Event: 14.369 Thread 0x000001f65ac1e300 Implicit null exception at 0x000001f607cae7e2 to 0x000001f607caf5ac
Event: 14.369 Thread 0x000001f65922a010 Exception <a 'java/io/FileNotFoundException'{0x00000000d5ee9b38}> (0x00000000d5ee9b38) 
thrown [s\src\hotspot\share\prims\jni.cpp, line 520]
Event: 14.369 Thread 0x000001f65922a010 Exception <a 'java/io/FileNotFoundException'{0x00000000d5eea8c8}> (0x00000000d5eea8c8) 
thrown [s\src\hotspot\share\prims\jni.cpp, line 520]
Event: 14.392 Thread 0x000001f65922a010 Exception <a 'sun/nio/fs/WindowsException'{0x00000000d6029888}> (0x00000000d6029888) 
thrown [s\src\hotspot\share\prims\jni.cpp, line 520]
Event: 14.393 Thread 0x000001f65922a010 Exception <a 'sun/nio/fs/WindowsException'{0x00000000d6029eb8}> (0x00000000d6029eb8) 
thrown [s\src\hotspot\share\prims\jni.cpp, line 520]
Event: 14.393 Thread 0x000001f65922a010 Exception <a 'sun/nio/fs/WindowsException'{0x00000000d602abe0}> (0x00000000d602abe0) 
thrown [s\src\hotspot\share\prims\jni.cpp, line 520]
Event: 14.394 Thread 0x000001f65922a010 Exception <a 'sun/nio/fs/WindowsException'{0x00000000d602b210}> (0x00000000d602b210) 
thrown [s\src\hotspot\share\prims\jni.cpp, line 520]
Event: 14.401 Thread 0x000001f65922a010 Exception <a 'java/io/FileNotFoundException'{0x00000000d6067770}> (0x00000000d6067770) 
thrown [s\src\hotspot\share\prims\jni.cpp, line 520]
Event: 14.401 Thread 0x000001f65922a010 Exception <a 'java/io/FileNotFoundException'{0x00000000d6068528}> (0x00000000d6068528) 
thrown [s\src\hotspot\share\prims\jni.cpp, line 520]
Event: 14.408 Thread 0x000001f65922a010 Exception <a 'sun/nio/fs/WindowsException'{0x00000000d60a6558}> (0x00000000d60a6558) 
thrown [s\src\hotspot\share\prims\jni.cpp, line 520]
Event: 14.408 Thread 0x000001f65922a010 Exception <a 'sun/nio/fs/WindowsException'{0x00000000d60a6b88}> (0x00000000d60a6b88) 
thrown [s\src\hotspot\share\prims\jni.cpp, line 520]
Event: 14.454 Thread 0x000001f65ae993a0 Exception <a 'java/lang/IncompatibleClassChangeError'{0x00000000d61a4920}: Found class java.lang.Object, but interface was expected> (0x00000000d61a4920) 
thrown [s\src\hotspot\share\interpreter\linkResolver.cpp, line 840]

ZGC Phase Switch (0 events):
No events

VM Operations (20 events):
Event: 12.834 Executing VM operation: ParallelGCFailedAllocation (Allocation Failure) done
Event: 12.936 Executing VM operation: HandshakeAllThreads (Deoptimize)
Event: 12.937 Executing VM operation: HandshakeAllThreads (Deoptimize) done
Event: 13.056 Executing VM operation: ParallelGCFailedAllocation (Allocation Failure)
Event: 13.057 Executing VM operation: ParallelGCFailedAllocation (Allocation Failure) done
Event: 13.444 Executing VM operation: ParallelGCFailedAllocation (Allocation Failure)
Event: 13.446 Executing VM operation: ParallelGCFailedAllocation (Allocation Failure) done
Event: 13.602 Executing VM operation: ParallelGCFailedAllocation (Allocation Failure)
Event: 13.604 Executing VM operation: ParallelGCFailedAllocation (Allocation Failure) done
Event: 13.830 Executing VM operation: ParallelGCFailedAllocation (Allocation Failure)
Event: 13.832 Executing VM operation: ParallelGCFailedAllocation (Allocation Failure) done
Event: 14.061 Executing VM operation: ParallelGCFailedAllocation (Allocation Failure)
Event: 14.063 Executing VM operation: ParallelGCFailedAllocation (Allocation Failure) done
Event: 14.184 Executing VM operation: ParallelGCFailedAllocation (Allocation Failure)
Event: 14.185 Executing VM operation: ParallelGCFailedAllocation (Allocation Failure) done
Event: 14.301 Executing VM operation: ParallelGCFailedAllocation (Allocation Failure)
Event: 14.303 Executing VM operation: ParallelGCFailedAllocation (Allocation Failure) done
Event: 14.425 Executing VM operation: HandshakeAllThreads (Deoptimize)
Event: 14.425 Executing VM operation: HandshakeAllThreads (Deoptimize) done
Event: 14.574 Executing VM operation: ParallelGCFailedAllocation (Allocation Failure)

Memory protections (0 events):
No events

Nmethod flushes (20 events):
Event: 6.978 Thread 0x000001f67cc91340 flushing  nmethod 0x000001f6006d3110
Event: 6.978 Thread 0x000001f67cc91340 flushing  nmethod 0x000001f6006d6c10
Event: 6.978 Thread 0x000001f67cc91340 flushing  nmethod 0x000001f60070fd10
Event: 6.978 Thread 0x000001f67cc91340 flushing  nmethod 0x000001f600710110
Event: 6.978 Thread 0x000001f67cc91340 flushing  nmethod 0x000001f600710a10
Event: 6.978 Thread 0x000001f67cc91340 flushing  nmethod 0x000001f600711c10
Event: 6.978 Thread 0x000001f67cc91340 flushing  nmethod 0x000001f600712990
Event: 6.978 Thread 0x000001f67cc91340 flushing  nmethod 0x000001f600714690
Event: 6.978 Thread 0x000001f67cc91340 flushing  nmethod 0x000001f600714b90
Event: 6.978 Thread 0x000001f67cc91340 flushing  nmethod 0x000001f600715890
Event: 6.978 Thread 0x000001f67cc91340 flushing  nmethod 0x000001f600716890
Event: 6.978 Thread 0x000001f67cc91340 flushing  nmethod 0x000001f600718310
Event: 6.978 Thread 0x000001f67cc91340 flushing  nmethod 0x000001f600719d90
Event: 6.978 Thread 0x000001f67cc91340 flushing  nmethod 0x000001f60075e310
Event: 6.978 Thread 0x000001f67cc91340 flushing  nmethod 0x000001f60075ee10
Event: 6.978 Thread 0x000001f67cc91340 flushing  nmethod 0x000001f600765510
Event: 6.978 Thread 0x000001f67cc91340 flushing  nmethod 0x000001f60076b410
Event: 6.978 Thread 0x000001f67cc91340 flushing  nmethod 0x000001f600791c90
Event: 6.978 Thread 0x000001f67cc91340 flushing  nmethod 0x000001f600844c10
Event: 6.978 Thread 0x000001f67cc91340 flushing  nmethod 0x000001f600845090

Events (20 events):
Event: 7.340 Thread 0x000001f679202690 Thread added: 0x000001f65ae98d10
Event: 7.341 Thread 0x000001f679202690 Thread added: 0x000001f65ae993a0
Event: 7.625 Thread 0x000001f6592292f0 Thread added: 0x000001f65ae9ceb0
Event: 7.626 Thread 0x000001f6592292f0 Thread added: 0x000001f65ae9d540
Event: 7.627 Thread 0x000001f65ae9ceb0 Thread added: 0x000001f65ae9dbd0
Event: 7.627 Thread 0x000001f65ae9d540 Thread added: 0x000001f65ae9f610
Event: 7.628 Thread 0x000001f65ae9dbd0 Thread added: 0x000001f65ae9c820
Event: 7.628 Thread 0x000001f65ae9f610 Thread added: 0x000001f65ae9ef80
Event: 7.629 Thread 0x000001f65ae9c820 Thread added: 0x000001f65ae9e260
Event: 7.629 Thread 0x000001f65ae9e260 Thread added: 0x000001f65ae9e8f0
Event: 7.630 Thread 0x000001f65ae9ef80 Thread added: 0x000001f65ac210f0
Event: 7.631 Thread 0x000001f65ae9e8f0 Thread added: 0x000001f65ac21780
Event: 7.632 Thread 0x000001f65ae9e260 Thread added: 0x000001f65ac1e300
Event: 7.633 Thread 0x000001f65ac210f0 Thread added: 0x000001f65ac1e990
Event: 7.633 Thread 0x000001f65ac21780 Thread added: 0x000001f65ac203d0
Event: 7.634 Thread 0x000001f65ac1e300 Thread added: 0x000001f65ac20a60
Event: 7.635 Thread 0x000001f65ac1e990 Thread added: 0x000001f65ac21e10
Event: 10.565 Thread 0x000001f658ca49c0 Thread exited: 0x000001f658ca49c0
Event: 10.680 Thread 0x000001f6792b6fd0 Thread added: 0x000001f65ae47dc0
Event: 12.316 Thread 0x000001f65ae47dc0 Thread exited: 0x000001f65ae47dc0


Dynamic libraries:
0x00007ff6b5170000 - 0x00007ff6b517e000 	c:\Users\sebas\.vscode\extensions\redhat.java-1.50.0-win32-x64\jre\21.0.9-win32-x86_64\bin\java.exe
0x00007ffb39180000 - 0x00007ffb393e8000 	C:\Windows\SYSTEM32\ntdll.dll
0x00007ffb37b20000 - 0x00007ffb37be9000 	C:\Windows\System32\KERNEL32.DLL
0x00007ffb36630000 - 0x00007ffb36a28000 	C:\Windows\System32\KERNELBASE.dll
0x00007ffb362d0000 - 0x00007ffb3641b000 	C:\Windows\System32\ucrtbase.dll
0x00007ffac1710000 - 0x00007ffac172e000 	c:\Users\sebas\.vscode\extensions\redhat.java-1.50.0-win32-x64\jre\21.0.9-win32-x86_64\bin\VCRUNTIME140.dll
0x00007ffae86e0000 - 0x00007ffae86f8000 	c:\Users\sebas\.vscode\extensions\redhat.java-1.50.0-win32-x64\jre\21.0.9-win32-x86_64\bin\jli.dll
0x00007ffb37370000 - 0x00007ffb37537000 	C:\Windows\System32\USER32.dll
0x00007ffb1bbe0000 - 0x00007ffb1be74000 	C:\Windows\WinSxS\amd64_microsoft.windows.common-controls_6595b64144ccf1df_6.0.26100.7019_none_3e06ffa0e335b8a8\COMCTL32.dll
0x00007ffb36cd0000 - 0x00007ffb36cf7000 	C:\Windows\System32\win32u.dll
0x00007ffb38f80000 - 0x00007ffb39029000 	C:\Windows\System32\msvcrt.dll
0x00007ffb375c0000 - 0x00007ffb375eb000 	C:\Windows\System32\GDI32.dll
0x00007ffb36ba0000 - 0x00007ffb36ccc000 	C:\Windows\System32\gdi32full.dll
0x00007ffb36d00000 - 0x00007ffb36da3000 	C:\Windows\System32\msvcp_win.dll
0x00007ffb389e0000 - 0x00007ffb38a11000 	C:\Windows\System32\IMM32.DLL
0x00007ffaf7ed0000 - 0x00007ffaf7edc000 	c:\Users\sebas\.vscode\extensions\redhat.java-1.50.0-win32-x64\jre\21.0.9-win32-x86_64\bin\vcruntime140_1.dll
0x00007ffa57570000 - 0x00007ffa575fd000 	c:\Users\sebas\.vscode\extensions\redhat.java-1.50.0-win32-x64\jre\21.0.9-win32-x86_64\bin\msvcp140.dll
0x00007ffa567d0000 - 0x00007ffa57570000 	c:\Users\sebas\.vscode\extensions\redhat.java-1.50.0-win32-x64\jre\21.0.9-win32-x86_64\bin\server\jvm.dll
0x00007ffb38820000 - 0x00007ffb388d4000 	C:\Windows\System32\ADVAPI32.dll
0x00007ffb388e0000 - 0x00007ffb38986000 	C:\Windows\System32\sechost.dll
0x00007ffb38b90000 - 0x00007ffb38ca8000 	C:\Windows\System32\RPCRT4.dll
0x00007ffb37c00000 - 0x00007ffb37c74000 	C:\Windows\System32\WS2_32.dll
0x00007ffb36130000 - 0x00007ffb3618e000 	C:\Windows\SYSTEM32\POWRPROF.dll
0x00007ffb2f3d0000 - 0x00007ffb2f3db000 	C:\Windows\SYSTEM32\VERSION.dll
0x00007ffb2a4e0000 - 0x00007ffb2a515000 	C:\Windows\SYSTEM32\WINMM.dll
0x00007ffb36110000 - 0x00007ffb36124000 	C:\Windows\SYSTEM32\UMPDC.dll
0x00007ffb35090000 - 0x00007ffb350ab000 	C:\Windows\SYSTEM32\kernel.appcore.dll
0x00007ffaf48b0000 - 0x00007ffaf48ba000 	c:\Users\sebas\.vscode\extensions\redhat.java-1.50.0-win32-x64\jre\21.0.9-win32-x86_64\bin\jimage.dll
0x00007ffb33ac0000 - 0x00007ffb33d02000 	C:\Windows\SYSTEM32\DBGHELP.DLL
0x00007ffb36fb0000 - 0x00007ffb3733b000 	C:\Windows\System32\combase.dll
0x00007ffb384a0000 - 0x00007ffb38577000 	C:\Windows\System32\OLEAUT32.dll
0x00007ffb1c830000 - 0x00007ffb1c86c000 	C:\Windows\SYSTEM32\dbgcore.DLL
0x00007ffb36af0000 - 0x00007ffb36b95000 	C:\Windows\System32\bcryptPrimitives.dll
0x00007ffb32b80000 - 0x00007ffb32b8f000 	c:\Users\sebas\.vscode\extensions\redhat.java-1.50.0-win32-x64\jre\21.0.9-win32-x86_64\bin\instrument.dll
0x00007ffaaf9f0000 - 0x00007ffaafa10000 	c:\Users\sebas\.vscode\extensions\redhat.java-1.50.0-win32-x64\jre\21.0.9-win32-x86_64\bin\java.dll
0x00007ffb37d40000 - 0x00007ffb3848f000 	C:\Windows\System32\SHELL32.dll
0x00007ffb36db0000 - 0x00007ffb36f1b000 	C:\Windows\System32\wintypes.dll
0x00007ffb33ed0000 - 0x00007ffb3472d000 	C:\Windows\SYSTEM32\windows.storage.dll
0x00007ffb38720000 - 0x00007ffb38812000 	C:\Windows\System32\SHCORE.dll
0x00007ffb36f20000 - 0x00007ffb36f87000 	C:\Windows\System32\shlwapi.dll
0x00007ffb361f0000 - 0x00007ffb36219000 	C:\Windows\SYSTEM32\profapi.dll
0x00007ffa799c0000 - 0x00007ffa799d8000 	c:\Users\sebas\.vscode\extensions\redhat.java-1.50.0-win32-x64\jre\21.0.9-win32-x86_64\bin\zip.dll
0x00007ffb30ea0000 - 0x00007ffb30eb0000 	C:\Users\sebas\.vscode\extensions\redhat.java-1.50.0-win32-x64\jre\21.0.9-win32-x86_64\bin\net.dll
0x00007ffb30880000 - 0x00007ffb309a8000 	C:\Windows\SYSTEM32\WINHTTP.dll
0x00007ffb35600000 - 0x00007ffb3566b000 	C:\Windows\system32\mswsock.dll
0x00007ffb2ed40000 - 0x00007ffb2ed56000 	C:\Users\sebas\.vscode\extensions\redhat.java-1.50.0-win32-x64\jre\21.0.9-win32-x86_64\bin\nio.dll
0x00007ffb30d30000 - 0x00007ffb30d40000 	c:\Users\sebas\.vscode\extensions\redhat.java-1.50.0-win32-x64\jre\21.0.9-win32-x86_64\bin\verify.dll
0x00007ffb2e920000 - 0x00007ffb2e964000 	C:\Users\sebas\AppData\Roaming\Code\User\globalStorage\redhat.java\1.50.0\config_win\org.eclipse.equinox.launcher\org.eclipse.equinox.launcher.win32.win32.x86_64_1.2.1400.v20250801-0854\eclipse_11916.dll
0x00007ffb38580000 - 0x00007ffb38717000 	C:\Windows\System32\ole32.dll
0x00007ffb358c0000 - 0x00007ffb358db000 	C:\Windows\SYSTEM32\CRYPTSP.dll
0x00007ffb34ff0000 - 0x00007ffb3502a000 	C:\Windows\system32\rsaenh.dll
0x00007ffb356b0000 - 0x00007ffb356db000 	C:\Windows\SYSTEM32\USERENV.dll
0x00007ffb361c0000 - 0x00007ffb361ea000 	C:\Windows\SYSTEM32\bcrypt.dll
0x00007ffb358e0000 - 0x00007ffb358ec000 	C:\Windows\SYSTEM32\CRYPTBASE.dll
0x00007ffb34b30000 - 0x00007ffb34b64000 	C:\Windows\SYSTEM32\IPHLPAPI.DLL
0x00007ffb37b00000 - 0x00007ffb37b0a000 	C:\Windows\System32\NSI.dll
0x00007ffb22710000 - 0x00007ffb22759000 	C:\Users\sebas\AppData\Local\Temp\jna-109311106\jna3622151727654500824.dll
0x00007ffb39130000 - 0x00007ffb39138000 	C:\Windows\System32\PSAPI.DLL
0x00007ffb30a00000 - 0x00007ffb30a1e000 	C:\Windows\SYSTEM32\dhcpcsvc6.DLL
0x00007ffb309c0000 - 0x00007ffb309e3000 	C:\Windows\SYSTEM32\dhcpcsvc.DLL

JVMTI agents:
c:\Users\sebas\.vscode\extensions\redhat.java-1.50.0-win32-x64\lombok\lombok-1.18.39-4050.jar path:c:\Users\sebas\.vscode\extensions\redhat.java-1.50.0-win32-x64\jre\21.0.9-win32-x86_64\bin\instrument.dll, loaded, initialized, instrumentlib options:none

dbghelp: loaded successfully - version: 4.0.5 - missing functions: none
symbol engine: initialized successfully - sym options: 0x614 - pdb path: .;c:\Users\sebas\.vscode\extensions\redhat.java-1.50.0-win32-x64\jre\21.0.9-win32-x86_64\bin;C:\Windows\SYSTEM32;C:\Windows\WinSxS\amd64_microsoft.windows.common-controls_6595b64144ccf1df_6.0.26100.7019_none_3e06ffa0e335b8a8;c:\Users\sebas\.vscode\extensions\redhat.java-1.50.0-win32-x64\jre\21.0.9-win32-x86_64\bin\server;C:\Users\sebas\AppData\Roaming\Code\User\globalStorage\redhat.java\1.50.0\config_win\org.eclipse.equinox.launcher\org.eclipse.equinox.launcher.win32.win32.x86_64_1.2.1400.v20250801-0854;C:\Users\sebas\AppData\Local\Temp\jna-109311106

VM Arguments:
jvm_args: --add-modules=ALL-SYSTEM --add-opens=java.base/java.util=ALL-UNNAMED --add-opens=java.base/java.lang=ALL-UNNAMED --add-opens=java.base/sun.nio.fs=ALL-UNNAMED -Declipse.application=org.eclipse.jdt.ls.core.id1 -Dosgi.bundles.defaultStartLevel=4 -Declipse.product=org.eclipse.jdt.ls.core.product -Djava.import.generatesMetadataFilesAtProjectRoot=false -DDetectVMInstallationsJob.disabled=true -Dfile.encoding=utf8 -XX:+UseParallelGC -XX:GCTimeRatio=4 -XX:AdaptiveSizePolicyWeight=90 -Dsun.zip.disableMemoryMapping=true -Xmx2G -Xms100m -Xlog:disable -javaagent:c:\Users\sebas\.vscode\extensions\redhat.java-1.50.0-win32-x64\lombok\lombok-1.18.39-4050.jar -XX:+HeapDumpOnOutOfMemoryError -XX:HeapDumpPath=c:\Users\sebas\AppData\Roaming\Code\User\workspaceStorage\e2a617684917e0b4558fa1c044b95376\redhat.java -Daether.dependencyCollector.impl=bf 
java_command: c:\Users\sebas\.vscode\extensions\redhat.java-1.50.0-win32-x64\server\plugins\org.eclipse.equinox.launcher_1.7.100.v20251111-0406.jar -configuration c:\Users\sebas\AppData\Roaming\Code\User\globalStorage\redhat.java\1.50.0\config_win -data c:\Users\sebas\AppData\Roaming\Code\User\workspaceStorage\e2a617684917e0b4558fa1c044b95376\redhat.java\jdt_ws --pipe=\\.\pipe\lsp-5b8a9e2bd5d390fc70643c328117202e-sock
java_class_path (initial): c:\Users\sebas\.vscode\extensions\redhat.java-1.50.0-win32-x64\server\plugins\org.eclipse.equinox.launcher_1.7.100.v20251111-0406.jar
Launcher Type: SUN_STANDARD

[Global flags]
    uintx AdaptiveSizePolicyWeight                 = 90                                        {product} {command line}
     intx CICompilerCount                          = 12                                        {product} {ergonomic}
    uintx GCTimeRatio                              = 4                                         {product} {command line}
     bool HeapDumpOnOutOfMemoryError               = true                                   {manageable} {command line}
    ccstr HeapDumpPath                             = c:\Users\sebas\AppData\Roaming\Code\User\workspaceStorage\e2a617684917e0b4558fa1c044b95376\redhat.java         {manageable} {command line}
   size_t InitialHeapSize                          = 104857600                                 {product} {command line}
   size_t MaxHeapSize                              = 2147483648                                {product} {command line}
   size_t MaxNewSize                               = 715653120                                 {product} {ergonomic}
   size_t MinHeapDeltaBytes                        = 524288                                    {product} {ergonomic}
   size_t MinHeapSize                              = 104857600                                 {product} {command line}
   size_t NewSize                                  = 34603008                                  {product} {ergonomic}
    uintx NonNMethodCodeHeapSize                   = 7602480                                {pd product} {ergonomic}
    uintx NonProfiledCodeHeapSize                  = 122027880                              {pd product} {ergonomic}
   size_t OldSize                                  = 70254592                                  {product} {ergonomic}
    uintx ProfiledCodeHeapSize                     = 122027880                              {pd product} {ergonomic}
    uintx ReservedCodeCacheSize                    = 251658240                              {pd product} {ergonomic}
     bool SegmentedCodeCache                       = true                                      {product} {ergonomic}
   size_t SoftMaxHeapSize                          = 2147483648                             {manageable} {ergonomic}
     bool UseCompressedOops                        = true                           {product lp64_product} {ergonomic}
     bool UseLargePagesIndividualAllocation        = false                                  {pd product} {ergonomic}
     bool UseParallelGC                            = true                                      {product} {command line}

Logging:
Log output configuration:
 #0: stdout all=off uptime,level,tags foldmultilines=false
 #1: stderr all=off uptime,level,tags foldmultilines=false

Release file:
JAVA_VERSION="21.0.9" 
MODULES="java.base java.compiler java.datatransfer java.xml java.prefs java.desktop java.instrument java.logging java.management java.security.sasl java.naming java.rmi java.management.rmi java.net.http java.scripting java.security.jgss java.transaction.xa java.sql java.sql.rowset java.xml.crypto java.se java.smartcardio jdk.accessibility jdk.internal.jvmstat jdk.attach jdk.charsets jdk.internal.opt jdk.zipfs jdk.compiler jdk.crypto.ec jdk.crypto.cryptoki jdk.crypto.mscapi jdk.dynalink jdk.internal.ed jdk.editpad jdk.hotspot.agent jdk.httpserver jdk.internal.le jdk.internal.vm.ci jdk.internal.vm.compiler jdk.internal.vm.compiler.management jdk.jartool jdk.javadoc jdk.jcmd jdk.management jdk.management.agent jdk.jconsole jdk.jdeps jdk.jdwp.agent jdk.jdi jdk.jfr jdk.jshell jdk.jsobject jdk.jstatd jdk.localedata jdk.management.jfr jdk.naming.dns jdk.naming.rmi jdk.net jdk.nio.mapmode jdk.random jdk.sctp jdk.security.auth jdk.security.jgss jdk.unsupported jdk.unsupported.desktop jdk.xml.dom" 

Environment Variables:
PATH=C:\Program Files\Microsoft SDKs\Azure\CLI2\wbin;C:\app\sebas\product\21c\dbhomeXE\bin;C:\Program Files\Common Files\Oracle\Java\javapath;C:\Windows\system32;C:\Windows;C:\Windows\System32\Wbem;C:\Windows\System32\WindowsPowerShell\v1.0\;C:\Windows\System32\OpenSSH\;C:\Program Files (x86)\NVIDIA Corporation\PhysX\Common;C:\Program Files\NVIDIA Corporation\NVIDIA NvDLISR;C:\Program Files\nodejs\;C:\Program Files\Git\cmd;C:\Users\sebas\AppData\Local\Programs\Python\Python313\Scripts\;C:\Users\sebas\AppData\Local\Programs\Python\Python313\;C:\Users\sebas\AppData\Local\Programs\Python\Launcher\;C:\Program Files\MySQL\MySQL Shell 8.0\bin\;C:\Users\sebas\AppData\Local\Microsoft\WindowsApps;C:\Users\sebas\AppData\Local\Programs\Microsoft VS Code\bin;C:\Users\sebas\AppData\Local\GitHubDesktop\bin;C:\Users\sebas\AppData\Roaming\npm
USERNAME=sebas
OS=Windows_NT
PROCESSOR_IDENTIFIER=AMD64 Family 25 Model 68 Stepping 1, AuthenticAMD
TMP=C:\Users\sebas\AppData\Local\Temp
TEMP=C:\Users\sebas\AppData\Local\Temp




Periodic native trim disabled

---------------  S Y S T E M  ---------------

OS:
 Windows 11 , 64 bit Build 26100 (10.0.26100.7019)
OS uptime: 5 days 1:26 hours
Hyper-V role detected

CPU: total 16 (initial active 16) (16 cores per cpu, 2 threads per core) family 25 model 68 stepping 1 microcode 0xa404107, cx8, cmov, fxsr, ht, mmx, 3dnowpref, sse, sse2, sse3, ssse3, sse4a, sse4.1, sse4.2, popcnt, lzcnt, tsc, tscinvbit, avx, avx2, aes, erms, clmul, bmi1, bmi2, adx, sha, fma, vzeroupper, clflush, clflushopt, hv, rdtscp, rdpid, fsrm, f16c, cet_ss
Processor Information for processor 0
  Max Mhz: 3100, Current Mhz: 2002, Mhz Limit: 3100
Processor Information for processor 1
  Max Mhz: 3100, Current Mhz: 2002, Mhz Limit: 3100
Processor Information for processor 2
  Max Mhz: 3100, Current Mhz: 2523, Mhz Limit: 3100
Processor Information for processor 3
  Max Mhz: 3100, Current Mhz: 2002, Mhz Limit: 3100
Processor Information for processor 4
  Max Mhz: 3100, Current Mhz: 2002, Mhz Limit: 3100
Processor Information for processor 5
  Max Mhz: 3100, Current Mhz: 2002, Mhz Limit: 3100
Processor Information for processor 6
  Max Mhz: 3100, Current Mhz: 2002, Mhz Limit: 3100
Processor Information for processor 7
  Max Mhz: 3100, Current Mhz: 2002, Mhz Limit: 3100
Processor Information for processor 8
  Max Mhz: 3100, Current Mhz: 2002, Mhz Limit: 3100
Processor Information for processor 9
  Max Mhz: 3100, Current Mhz: 2002, Mhz Limit: 3100
Processor Information for processor 10
  Max Mhz: 3100, Current Mhz: 2002, Mhz Limit: 3100
Processor Information for processor 11
  Max Mhz: 3100, Current Mhz: 2523, Mhz Limit: 3100
Processor Information for processor 12
  Max Mhz: 3100, Current Mhz: 2002, Mhz Limit: 3100
Processor Information for processor 13
  Max Mhz: 3100, Current Mhz: 2002, Mhz Limit: 3100
Processor Information for processor 14
  Max Mhz: 3100, Current Mhz: 2002, Mhz Limit: 3100
Processor Information for processor 15
  Max Mhz: 3100, Current Mhz: 2002, Mhz Limit: 3100

Memory: 4k page, system-wide physical 11972M (544M free)
TotalPageFile size 48836M (AvailPageFile size 27M)
current process WorkingSet (physical memory assigned to process): 266M, peak: 288M
current process commit charge ("private bytes"): 374M, peak: 392M

vm_info: OpenJDK 64-Bit Server VM (21.0.9+10-LTS) for windows-amd64 JRE (21.0.9+10-LTS), built on 2025-10-21T00:00:00Z by "admin" with unknown MS VC++:1942

END.
